{"C:\\Users\\Adriano Trabalho\\Documents\\projetos\\restaurantFinderApp\\App.tsx": {"path":"C:\\Users\\Adriano Trabalho\\Documents\\projetos\\restaurantFinderApp\\App.tsx","statementMap":{"0":{"start":{"line":32,"column":6},"end":{"line":56,"column":2}},"1":{"start":{"line":33,"column":22},"end":{"line":33,"column":49}},"2":{"start":{"line":34,"column":3},"end":{"line":55,"column":5}},"3":{"start":{"line":58,"column":13},"end":{"line":94,"column":2}},"4":{"start":{"line":59,"column":22},"end":{"line":59,"column":49}},"5":{"start":{"line":61,"column":27},"end":{"line":63,"column":4}},"6":{"start":{"line":65,"column":3},"end":{"line":93,"column":5}},"7":{"start":{"line":96,"column":16},"end":{"line":113,"column":3}}},"fnMap":{"0":{"name":"(anonymous_0)","decl":{"start":{"line":32,"column":6},"end":{"line":32,"column":7}},"loc":{"start":{"line":32,"column":29},"end":{"line":56,"column":2}},"line":32},"1":{"name":"(anonymous_1)","decl":{"start":{"line":58,"column":13},"end":{"line":58,"column":14}},"loc":{"start":{"line":58,"column":19},"end":{"line":94,"column":2}},"line":58}},"branchMap":{"0":{"loc":{"start":{"line":40,"column":20},"end":{"line":40,"column":60}},"type":"cond-expr","locations":[{"start":{"line":40,"column":33},"end":{"line":40,"column":45}},{"start":{"line":40,"column":48},"end":{"line":40,"column":60}}],"line":40},"1":{"loc":{"start":{"line":49,"column":20},"end":{"line":49,"column":59}},"type":"cond-expr","locations":[{"start":{"line":49,"column":33},"end":{"line":49,"column":45}},{"start":{"line":49,"column":48},"end":{"line":49,"column":59}}],"line":49},"2":{"loc":{"start":{"line":62,"column":22},"end":{"line":62,"column":65}},"type":"cond-expr","locations":[{"start":{"line":62,"column":35},"end":{"line":62,"column":48}},{"start":{"line":62,"column":51},"end":{"line":62,"column":65}}],"line":62},"3":{"loc":{"start":{"line":67,"column":28},"end":{"line":67,"column":73}},"type":"cond-expr","locations":[{"start":{"line":67,"column":41},"end":{"line":67,"column":56}},{"start":{"line":67,"column":59},"end":{"line":67,"column":73}}],"line":67},"4":{"loc":{"start":{"line":74,"column":30},"end":{"line":74,"column":70}},"type":"cond-expr","locations":[{"start":{"line":74,"column":43},"end":{"line":74,"column":55}},{"start":{"line":74,"column":58},"end":{"line":74,"column":70}}],"line":74}},"s":{"0":1,"1":4,"2":4,"3":1,"4":1,"5":1,"6":1,"7":1},"f":{"0":4,"1":1},"b":{"0":[0,4],"1":[0,4],"2":[0,1],"3":[0,1],"4":[0,1]},"_coverageSchema":"1a1c01bbd47fc00a2c39e90264f33305004495a9","hash":"596ad52cc35dde170645df1d3c39667fa3c8c44b"}
,"C:\\Users\\Adriano Trabalho\\Documents\\projetos\\restaurantFinderApp\\src\\api\\restaurants.ts": {"path":"C:\\Users\\Adriano Trabalho\\Documents\\projetos\\restaurantFinderApp\\src\\api\\restaurants.ts","statementMap":{"0":{"start":{"line":12,"column":2},"end":{"line":20,"column":4}},"1":{"start":{"line":24,"column":2},"end":{"line":27,"column":4}}},"fnMap":{"0":{"name":"getRestaurants","decl":{"start":{"line":11,"column":16},"end":{"line":11,"column":30}},"loc":{"start":{"line":11,"column":60},"end":{"line":21,"column":1}},"line":11},"1":{"name":"getRestaurantDetail","decl":{"start":{"line":23,"column":16},"end":{"line":23,"column":35}},"loc":{"start":{"line":23,"column":46},"end":{"line":28,"column":1}},"line":23}},"branchMap":{},"s":{"0":2,"1":2},"f":{"0":2,"1":2},"b":{},"_coverageSchema":"1a1c01bbd47fc00a2c39e90264f33305004495a9","hash":"3d1315d737b743788726af67aa56f7f0d6259838"}
,"C:\\Users\\Adriano Trabalho\\Documents\\projetos\\restaurantFinderApp\\src\\components\\atoms\\BackButton\\index.tsx": {"path":"C:\\Users\\Adriano Trabalho\\Documents\\projetos\\restaurantFinderApp\\src\\components\\atoms\\BackButton\\index.tsx","statementMap":{"0":{"start":{"line":10,"column":39},"end":{"line":24,"column":1}},"1":{"start":{"line":11,"column":2},"end":{"line":23,"column":24}},"2":{"start":{"line":26,"column":28},"end":{"line":26,"column":41}}},"fnMap":{"0":{"name":"(anonymous_0)","decl":{"start":{"line":10,"column":39},"end":{"line":10,"column":40}},"loc":{"start":{"line":11,"column":2},"end":{"line":23,"column":24}},"line":11}},"branchMap":{"0":{"loc":{"start":{"line":13,"column":7},"end":{"line":20,"column":9}},"type":"cond-expr","locations":[{"start":{"line":14,"column":6},"end":{"line":16,"column":9}},{"start":{"line":18,"column":6},"end":{"line":20,"column":9}}],"line":13}},"s":{"0":1,"1":1,"2":1},"f":{"0":1},"b":{"0":[0,1]},"_coverageSchema":"1a1c01bbd47fc00a2c39e90264f33305004495a9","hash":"e99afba801b2a715f98ca12bb09b949e81faf24c"}
,"C:\\Users\\Adriano Trabalho\\Documents\\projetos\\restaurantFinderApp\\src\\components\\atoms\\Description\\index.tsx": {"path":"C:\\Users\\Adriano Trabalho\\Documents\\projetos\\restaurantFinderApp\\src\\components\\atoms\\Description\\index.tsx","statementMap":{"0":{"start":{"line":7,"column":40},"end":{"line":11,"column":1}},"1":{"start":{"line":8,"column":2},"end":{"line":10,"column":16}},"2":{"start":{"line":13,"column":20},"end":{"line":18,"column":1}}},"fnMap":{"0":{"name":"(anonymous_0)","decl":{"start":{"line":7,"column":40},"end":{"line":7,"column":41}},"loc":{"start":{"line":8,"column":2},"end":{"line":10,"column":16}},"line":8}},"branchMap":{"0":{"loc":{"start":{"line":9,"column":5},"end":{"line":9,"column":44}},"type":"cond-expr","locations":[{"start":{"line":9,"column":19},"end":{"line":9,"column":30}},{"start":{"line":9,"column":33},"end":{"line":9,"column":44}}],"line":9}},"s":{"0":1,"1":2,"2":1},"f":{"0":2},"b":{"0":[1,1]},"_coverageSchema":"1a1c01bbd47fc00a2c39e90264f33305004495a9","hash":"a38fa15ba4345e29722aa6287e5436e682ba163f"}
,"C:\\Users\\Adriano Trabalho\\Documents\\projetos\\restaurantFinderApp\\src\\components\\atoms\\InputSearch\\index.tsx": {"path":"C:\\Users\\Adriano Trabalho\\Documents\\projetos\\restaurantFinderApp\\src\\components\\atoms\\InputSearch\\index.tsx","statementMap":{"0":{"start":{"line":17,"column":48},"end":{"line":39,"column":1}},"1":{"start":{"line":19,"column":2},"end":{"line":38,"column":4}},"2":{"start":{"line":25,"column":8},"end":{"line":25,"column":29}},"3":{"start":{"line":28,"column":8},"end":{"line":28,"column":22}}},"fnMap":{"0":{"name":"(anonymous_0)","decl":{"start":{"line":17,"column":48},"end":{"line":17,"column":49}},"loc":{"start":{"line":17,"column":79},"end":{"line":39,"column":1}},"line":17},"1":{"name":"(anonymous_1)","decl":{"start":{"line":24,"column":20},"end":{"line":24,"column":21}},"loc":{"start":{"line":24,"column":34},"end":{"line":26,"column":7}},"line":24},"2":{"name":"(anonymous_2)","decl":{"start":{"line":27,"column":23},"end":{"line":27,"column":24}},"loc":{"start":{"line":27,"column":29},"end":{"line":29,"column":7}},"line":27}},"branchMap":{},"s":{"0":1,"1":1,"2":1,"3":1},"f":{"0":1,"1":1,"2":1},"b":{},"_coverageSchema":"1a1c01bbd47fc00a2c39e90264f33305004495a9","hash":"892c4cd2513735c56c033ea2de3a7c65ee35b822"}
,"C:\\Users\\Adriano Trabalho\\Documents\\projetos\\restaurantFinderApp\\src\\components\\atoms\\Title\\index.tsx": {"path":"C:\\Users\\Adriano Trabalho\\Documents\\projetos\\restaurantFinderApp\\src\\components\\atoms\\Title\\index.tsx","statementMap":{"0":{"start":{"line":7,"column":34},"end":{"line":11,"column":1}},"1":{"start":{"line":8,"column":2},"end":{"line":10,"column":16}},"2":{"start":{"line":13,"column":20},"end":{"line":19,"column":1}}},"fnMap":{"0":{"name":"(anonymous_0)","decl":{"start":{"line":7,"column":34},"end":{"line":7,"column":35}},"loc":{"start":{"line":8,"column":2},"end":{"line":10,"column":16}},"line":8}},"branchMap":{"0":{"loc":{"start":{"line":9,"column":5},"end":{"line":9,"column":39}},"type":"cond-expr","locations":[{"start":{"line":9,"column":18},"end":{"line":9,"column":29}},{"start":{"line":9,"column":32},"end":{"line":9,"column":39}}],"line":9}},"s":{"0":2,"1":4,"2":2},"f":{"0":4},"b":{"0":[3,1]},"_coverageSchema":"1a1c01bbd47fc00a2c39e90264f33305004495a9","hash":"e011414be431371270df1db89926c8916c53919f"}
,"C:\\Users\\Adriano Trabalho\\Documents\\projetos\\restaurantFinderApp\\src\\components\\molecules\\RestaurantCard\\index.tsx": {"path":"C:\\Users\\Adriano Trabalho\\Documents\\projetos\\restaurantFinderApp\\src\\components\\molecules\\RestaurantCard\\index.tsx","statementMap":{"0":{"start":{"line":8,"column":43},"end":{"line":43,"column":1}},"1":{"start":{"line":9,"column":2},"end":{"line":42,"column":4}}},"fnMap":{"0":{"name":"(anonymous_0)","decl":{"start":{"line":8,"column":43},"end":{"line":8,"column":44}},"loc":{"start":{"line":8,"column":121},"end":{"line":43,"column":1}},"line":8}},"branchMap":{"0":{"loc":{"start":{"line":8,"column":54},"end":{"line":8,"column":88}},"type":"default-arg","locations":[{"start":{"line":8,"column":70},"end":{"line":8,"column":88}}],"line":8}},"s":{"0":1,"1":2},"f":{"0":2},"b":{"0":[0]},"_coverageSchema":"1a1c01bbd47fc00a2c39e90264f33305004495a9","hash":"4597a041eaa8e2ec48f707ae48d8f3b5f316282d"}
,"C:\\Users\\Adriano Trabalho\\Documents\\projetos\\restaurantFinderApp\\src\\services\\Restaurant.service.ts": {"path":"C:\\Users\\Adriano Trabalho\\Documents\\projetos\\restaurantFinderApp\\src\\services\\Restaurant.service.ts","statementMap":{"0":{"start":{"line":10,"column":33},"end":{"line":42,"column":1}},"1":{"start":{"line":16,"column":26},"end":{"line":16,"column":67}},"2":{"start":{"line":18,"column":4},"end":{"line":29,"column":5}},"3":{"start":{"line":19,"column":21},"end":{"line":25,"column":8}},"4":{"start":{"line":26,"column":6},"end":{"line":26,"column":23}},"5":{"start":{"line":28,"column":6},"end":{"line":28,"column":16}},"6":{"start":{"line":34,"column":26},"end":{"line":34,"column":53}},"7":{"start":{"line":35,"column":4},"end":{"line":40,"column":5}},"8":{"start":{"line":36,"column":21},"end":{"line":36,"column":55}},"9":{"start":{"line":37,"column":6},"end":{"line":37,"column":22}},"10":{"start":{"line":39,"column":6},"end":{"line":39,"column":18}}},"fnMap":{"0":{"name":"(anonymous_0)","decl":{"start":{"line":11,"column":2},"end":{"line":11,"column":3}},"loc":{"start":{"line":15,"column":27},"end":{"line":30,"column":3}},"line":15},"1":{"name":"(anonymous_1)","decl":{"start":{"line":32,"column":2},"end":{"line":32,"column":3}},"loc":{"start":{"line":32,"column":41},"end":{"line":41,"column":3}},"line":32}},"branchMap":{},"s":{"0":1,"1":2,"2":2,"3":2,"4":1,"5":1,"6":2,"7":2,"8":2,"9":1,"10":1},"f":{"0":2,"1":2},"b":{},"_coverageSchema":"1a1c01bbd47fc00a2c39e90264f33305004495a9","hash":"08f8d1a804e460d26cd809a2da923e4a431c8ed7"}
}
