TN:
SF:App.tsx
FN:32,(anonymous_0)
FN:58,(anonymous_1)
FNF:2
FNH:2
FNDA:4,(anonymous_0)
FNDA:1,(anonymous_1)
DA:32,1
DA:33,4
DA:34,4
DA:58,1
DA:59,1
DA:61,1
DA:65,1
DA:96,1
LF:8
LH:8
BRDA:40,0,0,0
BRDA:40,0,1,4
BRDA:49,1,0,0
BRDA:49,1,1,4
BRDA:62,2,0,0
BRDA:62,2,1,1
BRDA:67,3,0,0
BRDA:67,3,1,1
BRDA:74,4,0,0
BRDA:74,4,1,1
BRF:10
BRH:5
end_of_record
TN:
SF:src\api\restaurants.ts
FN:11,getRestaurants
FN:23,getRestaurantDetail
FNF:2
FNH:2
FNDA:2,getRestaurants
FNDA:2,getRestaurantDetail
DA:12,2
DA:24,2
LF:2
LH:2
BRF:0
BRH:0
end_of_record
TN:
SF:src\components\atoms\BackButton\index.tsx
FN:10,(anonymous_0)
FNF:1
FNH:1
FNDA:1,(anonymous_0)
DA:10,1
DA:11,1
DA:26,1
LF:3
LH:3
BRDA:13,0,0,0
BRDA:13,0,1,1
BRF:2
BRH:1
end_of_record
TN:
SF:src\components\atoms\Description\index.tsx
FN:7,(anonymous_0)
FNF:1
FNH:1
FNDA:2,(anonymous_0)
DA:7,1
DA:8,2
DA:13,1
LF:3
LH:3
BRDA:9,0,0,1
BRDA:9,0,1,1
BRF:2
BRH:2
end_of_record
TN:
SF:src\components\atoms\InputSearch\index.tsx
FN:17,(anonymous_0)
FN:24,(anonymous_1)
FN:27,(anonymous_2)
FNF:3
FNH:3
FNDA:1,(anonymous_0)
FNDA:1,(anonymous_1)
FNDA:1,(anonymous_2)
DA:17,1
DA:19,1
DA:25,1
DA:28,1
LF:4
LH:4
BRF:0
BRH:0
end_of_record
TN:
SF:src\components\atoms\Title\index.tsx
FN:7,(anonymous_0)
FNF:1
FNH:1
FNDA:4,(anonymous_0)
DA:7,2
DA:8,4
DA:13,2
LF:3
LH:3
BRDA:9,0,0,3
BRDA:9,0,1,1
BRF:2
BRH:2
end_of_record
TN:
SF:src\components\molecules\RestaurantCard\index.tsx
FN:8,(anonymous_0)
FNF:1
FNH:1
FNDA:2,(anonymous_0)
DA:8,1
DA:9,2
LF:2
LH:2
BRDA:8,0,0,0
BRF:1
BRH:0
end_of_record
TN:
SF:src\services\Restaurant.service.ts
FN:11,(anonymous_0)
FN:32,(anonymous_1)
FNF:2
FNH:2
FNDA:2,(anonymous_0)
FNDA:2,(anonymous_1)
DA:10,1
DA:16,2
DA:18,2
DA:19,2
DA:26,1
DA:28,1
DA:34,2
DA:35,2
DA:36,2
DA:37,1
DA:39,1
LF:11
LH:11
BRF:0
BRH:0
end_of_record
